9/15/2019 8:29:46 AM	Andreas	The application was started successfully
3/24/2020 7:22:49 PM	Andreas	The application was started successfully
3/24/2020 7:29:23 PM	Andreas	The application was started successfully
9/22/2020 5:03:51 PM	chulaiguo	The application was started successfully
9/22/2020 5:04:09 PM	chulaiguo	Android Build-Tools: Valid => Version: 29.0.2 / PathC:\Users\chulaiguo\AppData\Local\Android\Sdk\build-tools
9/22/2020 5:04:53 PM	chulaiguo	The key couldn't be added to the saved key list. 
Reason: Missing key information
9/22/2020 5:06:33 PM	chulaiguo	The application was started successfully
9/22/2020 5:07:27 PM	chulaiguo	Your application was aligned successfully.
9/22/2020 5:08:47 PM	chulaiguo	The key couldn't be added to the saved key list. 
Reason: Missing key information
9/22/2020 5:09:13 PM	chulaiguo	The key couldn't be added to the saved key list. 
Reason: Missing key information
9/22/2020 5:19:20 PM	chulaiguo	Signing failed due to missing key information
9/22/2020 5:19:49 PM	chulaiguo	Your application was aligned successfully.
9/22/2020 5:20:04 PM	chulaiguo	Your application was aligned and signed successfully.
9/22/2020 5:28:07 PM	chulaiguo	The application was started successfully
9/22/2020 5:28:27 PM	chulaiguo	Android Build-Tools: Valid => Version: 29.0.2 / PathC:\Users\chulaiguo\AppData\Local\Android\Sdk\build-tools
9/22/2020 5:29:06 PM	chulaiguo	The application was started successfully
9/22/2020 5:29:45 PM	chulaiguo	The application was started successfully
9/22/2020 5:32:49 PM	chulaiguo	The key couldn't be added to the saved key list. 
Reason: Missing key information
9/22/2020 5:33:05 PM	chulaiguo	Your keyfile "VirtualScanBeta.keystore" was added successfully to your saved key list.
9/22/2020 5:33:16 PM	chulaiguo	Your application was signed successfully
9/22/2020 5:33:46 PM	chulaiguo	Your keyfile "VirtualScan.keystore" was added successfully to your saved key list.
9/22/2020 5:34:16 PM	chulaiguo	Your keyfile "VirtualKeyBeta.keystore" was added successfully to your saved key list.
9/22/2020 5:34:30 PM	chulaiguo	Your keyfile "VirtualKey.keystore" was added successfully to your saved key list.
9/22/2020 5:34:57 PM	chulaiguo	Your keyfile "VirtualGuardBeta.keystore" was added successfully to your saved key list.
9/22/2020 5:35:07 PM	chulaiguo	Your keyfile "VirtualGuard.keystore" was added successfully to your saved key list.
9/22/2020 5:35:25 PM	chulaiguo	Your keyfile "VirtualVisitorBeta.keystore" was added successfully to your saved key list.
9/22/2020 5:35:34 PM	chulaiguo	Your keyfile "VirtualVisitor.keystore" was added successfully to your saved key list.
9/22/2020 5:35:51 PM	chulaiguo	The application was started successfully
